<?xml version="1.0" encoding="UTF-8"?>
<testsuite name="edu.cmu.cs.cs214.hw4.core.DirectionTest" tests="1" skipped="0" failures="0" errors="0" timestamp="2021-04-03T00:45:20" hostname="MacBook-Pro.fios-router.home" time="0.013">
  <properties/>
  <testcase name="testGetOppo" classname="edu.cmu.cs.cs214.hw4.core.DirectionTest" time="0.013"/>
  <system-out><![CDATA[]]></system-out>
  <system-err><![CDATA[]]></system-err>
</testsuite>
